<?xml version="1.0" encoding="UTF-8"?>
<!-- 本文件的文件名由 web.xml 中的<servlet-name>所决定 -->
<beans xmlns="http://www.springframework.org/schema/beans"
	xmlns:xsi="http://www.w3.org/2001/XMLSchema-instance" xmlns:tx="http://www.springframework.org/schema/tx"
	xmlns:context="http://www.springframework.org/schema/context"
	xmlns:mvc="http://www.springframework.org/schema/mvc"
	xsi:schemaLocation="http://www.springframework.org/schema/beans   
    http://www.springframework.org/schema/beans/spring-beans-3.0.xsd   
    http://www.springframework.org/schema/tx   
    http://www.springframework.org/schema/tx/spring-tx-3.0.xsd  
    http://www.springframework.org/schema/context  
    http://www.springframework.org/schema/context/spring-context-3.0.xsd  
    http://www.springframework.org/schema/mvc  
    http://www.springframework.org/schema/mvc/spring-mvc-3.0.xsd">

	<!-- 4. 定义handlerMapping，把请求映射给控制器 -->
	<bean class="org.springframework.web.servlet.handler.SimpleUrlHandlerMapping">
		<property name="mappings">
			<props>
				<!-- 将浏览器中名为 start.test 的请求，发送给startController 执行 -->
				<prop key="start.test">startController</prop>
			</props>
		</property>
	</bean>

	<!-- 定义逻辑视图与具体视图文件的映射 -->
	<!-- UrlBasedViewResolver，使用字符串拼接的方式，将逻辑视图转换为具体视图文件的路径 -->
	<bean class="org.springframework.web.servlet.view.UrlBasedViewResolver">
		<property name="prefix" value="/WEB-INF/jsp/"></property>
		<property name="suffix" value=".jsp"></property>
	</bean>

	<bean id="startController" class="com.roadom.controller.StartController">
	</bean>

</beans>